2025-05-16T20:16:11.886443Z DEBUG saleor_app_heureka_xml_feed::server::event_handler: collected 1 shipping zones
2025-05-16T20:16:12.059013Z DEBUG saleor_app_heureka_xml_feed::server::graphqls: collected first 32 products, is there more? false
2025-05-16T20:16:12.059038Z  INFO saleor_app_heureka_xml_feed::server::graphqls: collected a total of 32 products
2025-05-16T20:16:12.059047Z DEBUG saleor_app_heureka_xml_feed::server::surrealdbs: inserting shipping zone U2hpcHBpbmdab25lOjI=:Some("DPD") into db
2025-05-16T20:16:12.060071Z DEBUG saleor_app_heureka_xml_feed::server::surrealdbs: inserting product Apple Juice:UHJvZHVjdDoxNTI= into db
2025-05-16T20:16:12.060338Z DEBUG saleor_app_heureka_xml_feed::server::surrealdbs: inserting variant UHJvZHVjdFZhcmlhbnQ6Mzg0:UHJvZHVjdFZhcmlhbnQ6Mzg0
2025-05-16T20:16:12.061300Z DEBUG saleor_app_heureka_xml_feed::server::surrealdbs: inserting product Monospace Tee:UHJvZHVjdDoxMzQ= into db
2025-05-16T20:16:12.061556Z DEBUG saleor_app_heureka_xml_feed::server::surrealdbs: inserting variant S:UHJvZHVjdFZhcmlhbnQ6MzQ4
2025-05-16T20:16:12.062570Z DEBUG saleor_app_heureka_xml_feed::server::surrealdbs: inserting variant M:UHJvZHVjdFZhcmlhbnQ6MzQ5
2025-05-16T20:16:12.063084Z DEBUG saleor_app_heureka_xml_feed::server::surrealdbs: inserting variant L:UHJvZHVjdFZhcmlhbnQ6MzUw
2025-05-16T20:16:12.063566Z DEBUG saleor_app_heureka_xml_feed::server::surrealdbs: inserting variant XL:UHJvZHVjdFZhcmlhbnQ6MzUx
2025-05-16T20:16:12.064055Z DEBUG saleor_app_heureka_xml_feed::server::surrealdbs: inserting variant XXL:UHJvZHVjdFZhcmlhbnQ6MzUy
2025-05-16T20:16:12.064452Z DEBUG saleor_app_heureka_xml_feed::server::surrealdbs: inserting product Paul's Balance 420:UHJvZHVjdDoxMzA= into db
2025-05-16T20:16:12.064704Z DEBUG saleor_app_heureka_xml_feed::server::surrealdbs: inserting variant 39:UHJvZHVjdFZhcmlhbnQ6MzQw
2025-05-16T20:16:12.065092Z DEBUG saleor_app_heureka_xml_feed::server::surrealdbs: inserting variant 40:UHJvZHVjdFZhcmlhbnQ6MzQx
2025-05-16T20:16:12.065470Z DEBUG saleor_app_heureka_xml_feed::server::surrealdbs: inserting variant 41:UHJvZHVjdFZhcmlhbnQ6MzQy
2025-05-16T20:16:12.065980Z DEBUG saleor_app_heureka_xml_feed::server::surrealdbs: inserting variant 42:UHJvZHVjdFZhcmlhbnQ6MzQz
2025-05-16T20:16:12.066460Z DEBUG saleor_app_heureka_xml_feed::server::surrealdbs: inserting variant 45:UHJvZHVjdFZhcmlhbnQ6MzQ0
2025-05-16T20:16:12.066926Z DEBUG saleor_app_heureka_xml_feed::server::surrealdbs: inserting product Banana Juice:UHJvZHVjdDoxNTQ= into db
2025-05-16T20:16:12.067176Z DEBUG saleor_app_heureka_xml_feed::server::surrealdbs: inserting variant UHJvZHVjdFZhcmlhbnQ6Mzg2:UHJvZHVjdFZhcmlhbnQ6Mzg2
2025-05-16T20:16:12.067626Z DEBUG saleor_app_heureka_xml_feed::server::surrealdbs: inserting product Battle-tested at brands like Lush:UHJvZHVjdDoxNDU= into db
2025-05-16T20:16:12.068227Z DEBUG saleor_app_heureka_xml_feed::server::surrealdbs: inserting variant DVD:UHJvZHVjdFZhcmlhbnQ6Mzcy
2025-05-16T20:16:12.068630Z DEBUG saleor_app_heureka_xml_feed::server::surrealdbs: inserting variant iTunes:UHJvZHVjdFZhcmlhbnQ6Mzcz
2025-05-16T20:16:12.069007Z DEBUG saleor_app_heureka_xml_feed::server::surrealdbs: inserting variant MP3:UHJvZHVjdFZhcmlhbnQ6Mzc0
2025-05-16T20:16:12.069373Z DEBUG saleor_app_heureka_xml_feed::server::surrealdbs: inserting product Bean Juice:UHJvZHVjdDoxNTM= into db
2025-05-16T20:16:12.069584Z DEBUG saleor_app_heureka_xml_feed::server::surrealdbs: inserting variant UHJvZHVjdFZhcmlhbnQ6Mzg1:UHJvZHVjdFZhcmlhbnQ6Mzg1
2025-05-16T20:16:12.070028Z DEBUG saleor_app_heureka_xml_feed::server::surrealdbs: inserting product Blue Hoodie:UHJvZHVjdDoxMzI= into db
2025-05-16T20:16:12.070294Z DEBUG saleor_app_heureka_xml_feed::server::surrealdbs: inserting variant UHJvZHVjdFZhcmlhbnQ6MzQ2:UHJvZHVjdFZhcmlhbnQ6MzQ2
2025-05-16T20:16:12.070765Z DEBUG saleor_app_heureka_xml_feed::server::surrealdbs: inserting product Blue Plimsolls:UHJvZHVjdDoxMjg= into db
2025-05-16T20:16:12.071047Z DEBUG saleor_app_heureka_xml_feed::server::surrealdbs: inserting variant 40:UHJvZHVjdFZhcmlhbnQ6MzMz
2025-05-16T20:16:12.071446Z DEBUG saleor_app_heureka_xml_feed::server::surrealdbs: inserting variant 41:UHJvZHVjdFZhcmlhbnQ6MzMy
2025-05-16T20:16:12.071821Z DEBUG saleor_app_heureka_xml_feed::server::surrealdbs: inserting variant 42:UHJvZHVjdFZhcmlhbnQ6MzM0
2025-05-16T20:16:12.072203Z DEBUG saleor_app_heureka_xml_feed::server::surrealdbs: inserting product Blue Polygon Shirt:UHJvZHVjdDoxMzc= into db
2025-05-16T20:16:12.072425Z DEBUG saleor_app_heureka_xml_feed::server::surrealdbs: inserting variant M:UHJvZHVjdFZhcmlhbnQ6MzYx
2025-05-16T20:16:12.072795Z DEBUG saleor_app_heureka_xml_feed::server::surrealdbs: inserting variant L:UHJvZHVjdFZhcmlhbnQ6MzYy
2025-05-16T20:16:12.073194Z DEBUG saleor_app_heureka_xml_feed::server::surrealdbs: inserting variant XL:UHJvZHVjdFZhcmlhbnQ6MzYz
2025-05-16T20:16:12.073599Z DEBUG saleor_app_heureka_xml_feed::server::surrealdbs: inserting product Carrot Juice:UHJvZHVjdDoxNTU= into db
2025-05-16T20:16:12.073815Z DEBUG saleor_app_heureka_xml_feed::server::surrealdbs: inserting variant UHJvZHVjdFZhcmlhbnQ6Mzg3:UHJvZHVjdFZhcmlhbnQ6Mzg3
2025-05-16T20:16:12.074213Z DEBUG saleor_app_heureka_xml_feed::server::surrealdbs: inserting product Cubes Fountain Tee:UHJvZHVjdDoxNjE= into db
2025-05-16T20:16:12.074453Z DEBUG saleor_app_heureka_xml_feed::server::surrealdbs: inserting variant S:UHJvZHVjdFZhcmlhbnQ6Mzk0
2025-05-16T20:16:12.074829Z DEBUG saleor_app_heureka_xml_feed::server::surrealdbs: inserting variant M:UHJvZHVjdFZhcmlhbnQ6Mzk1
2025-05-16T20:16:12.075221Z DEBUG saleor_app_heureka_xml_feed::server::surrealdbs: inserting variant L:UHJvZHVjdFZhcmlhbnQ6Mzk2
2025-05-16T20:16:12.075596Z DEBUG saleor_app_heureka_xml_feed::server::surrealdbs: inserting variant XL:UHJvZHVjdFZhcmlhbnQ6Mzk3
2025-05-16T20:16:12.075994Z DEBUG saleor_app_heureka_xml_feed::server::surrealdbs: inserting variant XXL:UHJvZHVjdFZhcmlhbnQ6Mzk4
2025-05-16T20:16:12.076563Z DEBUG saleor_app_heureka_xml_feed::server::surrealdbs: inserting product Dark Polygon Tee:UHJvZHVjdDoxMzg= into db
2025-05-16T20:16:12.076873Z DEBUG saleor_app_heureka_xml_feed::server::surrealdbs: inserting variant S:UHJvZHVjdFZhcmlhbnQ6MzY0
2025-05-16T20:16:12.077354Z DEBUG saleor_app_heureka_xml_feed::server::surrealdbs: inserting variant M:UHJvZHVjdFZhcmlhbnQ6MzY1
2025-05-16T20:16:12.077718Z DEBUG saleor_app_heureka_xml_feed::server::surrealdbs: inserting variant L:UHJvZHVjdFZhcmlhbnQ6MzY2
2025-05-16T20:16:12.078088Z DEBUG saleor_app_heureka_xml_feed::server::surrealdbs: inserting product Darko Polo:UHJvZHVjdDoxMzY= into db
2025-05-16T20:16:12.078314Z DEBUG saleor_app_heureka_xml_feed::server::surrealdbs: inserting variant S:UHJvZHVjdFZhcmlhbnQ6MzU4
2025-05-16T20:16:12.078702Z DEBUG saleor_app_heureka_xml_feed::server::surrealdbs: inserting variant M:UHJvZHVjdFZhcmlhbnQ6MzU5
2025-05-16T20:16:12.079088Z DEBUG saleor_app_heureka_xml_feed::server::surrealdbs: inserting variant XXL:UHJvZHVjdFZhcmlhbnQ6MzYw
2025-05-16T20:16:12.079460Z DEBUG saleor_app_heureka_xml_feed::server::surrealdbs: inserting product Dash Force:UHJvZHVjdDoxMjk= into db
2025-05-16T20:16:12.079701Z DEBUG saleor_app_heureka_xml_feed::server::surrealdbs: inserting variant 39:UHJvZHVjdFZhcmlhbnQ6MzM1
2025-05-16T20:16:12.080291Z DEBUG saleor_app_heureka_xml_feed::server::surrealdbs: inserting variant 40:UHJvZHVjdFZhcmlhbnQ6MzM2
2025-05-16T20:16:12.080658Z DEBUG saleor_app_heureka_xml_feed::server::surrealdbs: inserting variant 41:UHJvZHVjdFZhcmlhbnQ6MzM3
2025-05-16T20:16:12.081037Z DEBUG saleor_app_heureka_xml_feed::server::surrealdbs: inserting variant 42:UHJvZHVjdFZhcmlhbnQ6MzM4
2025-05-16T20:16:12.081418Z DEBUG saleor_app_heureka_xml_feed::server::surrealdbs: inserting variant 43:UHJvZHVjdFZhcmlhbnQ6MzM5
2025-05-16T20:16:12.081787Z DEBUG saleor_app_heureka_xml_feed::server::surrealdbs: inserting product DRY Sunglasses:UHJvZHVjdDoxNDQ= into db
2025-05-16T20:16:12.081994Z DEBUG saleor_app_heureka_xml_feed::server::surrealdbs: inserting variant UHJvZHVjdFZhcmlhbnQ6Mzcx:UHJvZHVjdFZhcmlhbnQ6Mzcx
2025-05-16T20:16:12.082361Z DEBUG saleor_app_heureka_xml_feed::server::surrealdbs: inserting product Enterprise Cloud + On-premises:UHJvZHVjdDoxNDY= into db
2025-05-16T20:16:12.082611Z DEBUG saleor_app_heureka_xml_feed::server::surrealdbs: inserting variant Vinyl:UHJvZHVjdFZhcmlhbnQ6Mzc1
2025-05-16T20:16:12.083008Z DEBUG saleor_app_heureka_xml_feed::server::surrealdbs: inserting variant DVD:UHJvZHVjdFZhcmlhbnQ6Mzc2
2025-05-16T20:16:12.083386Z DEBUG saleor_app_heureka_xml_feed::server::surrealdbs: inserting variant iTunes:UHJvZHVjdFZhcmlhbnQ6Mzc3
2025-05-16T20:16:12.083756Z DEBUG saleor_app_heureka_xml_feed::server::surrealdbs: inserting variant CD:UHJvZHVjdFZhcmlhbnQ6Mzc4
2025-05-16T20:16:12.084142Z DEBUG saleor_app_heureka_xml_feed::server::surrealdbs: inserting product Gift card 100:UHJvZHVjdDoxNjA= into db
2025-05-16T20:16:12.084346Z DEBUG saleor_app_heureka_xml_feed::server::surrealdbs: inserting variant UHJvZHVjdFZhcmlhbnQ6Mzkz:UHJvZHVjdFZhcmlhbnQ6Mzkz
2025-05-16T20:16:12.084713Z DEBUG saleor_app_heureka_xml_feed::server::surrealdbs: inserting product Gift card 50:UHJvZHVjdDoxNjQ= into db
2025-05-16T20:16:12.084948Z DEBUG saleor_app_heureka_xml_feed::server::surrealdbs: inserting variant UHJvZHVjdFZhcmlhbnQ6NDAx:UHJvZHVjdFZhcmlhbnQ6NDAx
2025-05-16T20:16:12.085338Z DEBUG saleor_app_heureka_xml_feed::server::surrealdbs: inserting product Gift card 500:UHJvZHVjdDoxNjM= into db
2025-05-16T20:16:12.085539Z DEBUG saleor_app_heureka_xml_feed::server::surrealdbs: inserting variant UHJvZHVjdFZhcmlhbnQ6NDAw:UHJvZHVjdFZhcmlhbnQ6NDAw
2025-05-16T20:16:12.085919Z DEBUG saleor_app_heureka_xml_feed::server::surrealdbs: inserting product Grey Hoodie:UHJvZHVjdDoxMzE= into db
2025-05-16T20:16:12.086118Z DEBUG saleor_app_heureka_xml_feed::server::surrealdbs: inserting variant UHJvZHVjdFZhcmlhbnQ6MzQ1:UHJvZHVjdFZhcmlhbnQ6MzQ1
2025-05-16T20:16:12.086525Z DEBUG saleor_app_heureka_xml_feed::server::surrealdbs: inserting product Headless + Omnichannel in a pill:UHJvZHVjdDoxMjY= into db
2025-05-16T20:16:12.086738Z DEBUG saleor_app_heureka_xml_feed::server::surrealdbs: inserting variant MP3:UHJvZHVjdFZhcmlhbnQ6MzI0
2025-05-16T20:16:12.087109Z DEBUG saleor_app_heureka_xml_feed::server::surrealdbs: inserting product Mighty Mug:UHJvZHVjdDoxNTA= into db
2025-05-16T20:16:12.087313Z DEBUG saleor_app_heureka_xml_feed::server::surrealdbs: inserting variant UHJvZHVjdFZhcmlhbnQ6Mzgy:UHJvZHVjdFZhcmlhbnQ6Mzgy
2025-05-16T20:16:12.087690Z DEBUG saleor_app_heureka_xml_feed::server::surrealdbs: inserting product Monokai Dimmed Sunnies:UHJvZHVjdDoxNTY= into db
2025-05-16T20:16:12.087892Z DEBUG saleor_app_heureka_xml_feed::server::surrealdbs: inserting variant UHJvZHVjdFZhcmlhbnQ6Mzg4:UHJvZHVjdFZhcmlhbnQ6Mzg4
2025-05-16T20:16:12.088273Z DEBUG saleor_app_heureka_xml_feed::server::surrealdbs: inserting product Own your stack and data:UHJvZHVjdDoxNDc= into db
2025-05-16T20:16:12.088478Z DEBUG saleor_app_heureka_xml_feed::server::surrealdbs: inserting variant iTunes:UHJvZHVjdFZhcmlhbnQ6Mzc5
2025-05-16T20:16:12.088855Z DEBUG saleor_app_heureka_xml_feed::server::surrealdbs: inserting variant MP3:UHJvZHVjdFZhcmlhbnQ6Mzgw
2025-05-16T20:16:12.089231Z DEBUG saleor_app_heureka_xml_feed::server::surrealdbs: inserting product Pirate's Beanie:UHJvZHVjdDoxNDE= into db
2025-05-16T20:16:12.089444Z DEBUG saleor_app_heureka_xml_feed::server::surrealdbs: inserting variant UHJvZHVjdFZhcmlhbnQ6MzY4:UHJvZHVjdFZhcmlhbnQ6MzY4
2025-05-16T20:16:12.089937Z DEBUG saleor_app_heureka_xml_feed::server::surrealdbs: inserting product Reversed Monotype Tee:UHJvZHVjdDoxNTc= into db
2025-05-16T20:16:12.090170Z DEBUG saleor_app_heureka_xml_feed::server::surrealdbs: inserting variant XL:UHJvZHVjdFZhcmlhbnQ6Mzg5
2025-05-16T20:16:12.090549Z DEBUG saleor_app_heureka_xml_feed::server::surrealdbs: inserting variant XXL:UHJvZHVjdFZhcmlhbnQ6Mzkw
2025-05-16T20:16:12.090926Z DEBUG saleor_app_heureka_xml_feed::server::surrealdbs: inserting product Neck Warmer:UHJvZHVjdDoxNDM= into db
2025-05-16T20:16:12.091151Z DEBUG saleor_app_heureka_xml_feed::server::surrealdbs: inserting variant UHJvZHVjdFZhcmlhbnQ6Mzcw:UHJvZHVjdFZhcmlhbnQ6Mzcw
2025-05-16T20:16:12.091586Z DEBUG saleor_app_heureka_xml_feed::server::surrealdbs: inserting product Team Shirt:UHJvZHVjdDoxMzU= into db
2025-05-16T20:16:12.091860Z DEBUG saleor_app_heureka_xml_feed::server::surrealdbs: inserting variant S:UHJvZHVjdFZhcmlhbnQ6MzUz
2025-05-16T20:16:12.092267Z DEBUG saleor_app_heureka_xml_feed::server::surrealdbs: inserting variant M:UHJvZHVjdFZhcmlhbnQ6MzU0
2025-05-16T20:16:12.092637Z DEBUG saleor_app_heureka_xml_feed::server::surrealdbs: inserting variant L:UHJvZHVjdFZhcmlhbnQ6MzU1
2025-05-16T20:16:12.093019Z DEBUG saleor_app_heureka_xml_feed::server::surrealdbs: inserting variant XL:UHJvZHVjdFZhcmlhbnQ6MzU2
2025-05-16T20:16:12.093392Z DEBUG saleor_app_heureka_xml_feed::server::surrealdbs: inserting variant XXL:UHJvZHVjdFZhcmlhbnQ6MzU3
2025-05-16T20:16:12.093979Z DEBUG saleor_app_heureka_xml_feed::server::surrealdbs: inserting product The Dash Cushion:UHJvZHVjdDoxNTE= into db
2025-05-16T20:16:12.094235Z DEBUG saleor_app_heureka_xml_feed::server::surrealdbs: inserting variant UHJvZHVjdFZhcmlhbnQ6Mzgz:UHJvZHVjdFZhcmlhbnQ6Mzgz
2025-05-16T20:16:12.094700Z DEBUG saleor_app_heureka_xml_feed::server::surrealdbs: inserting product White Hoodie:UHJvZHVjdDoxMzM= into db
2025-05-16T20:16:12.094971Z DEBUG saleor_app_heureka_xml_feed::server::surrealdbs: inserting variant UHJvZHVjdFZhcmlhbnQ6MzQ3:UHJvZHVjdFZhcmlhbnQ6MzQ3
2025-05-16T20:16:12.095458Z DEBUG saleor_app_heureka_xml_feed::server::surrealdbs: inserting product White Parrot Cushion:UHJvZHVjdDoxNjI= into db
2025-05-16T20:16:12.095716Z DEBUG saleor_app_heureka_xml_feed::server::surrealdbs: inserting variant UHJvZHVjdFZhcmlhbnQ6Mzk5:UHJvZHVjdFZhcmlhbnQ6Mzk5
2025-05-16T20:16:12.096196Z DEBUG saleor_app_heureka_xml_feed::server::surrealdbs: inserting product White Plimsolls:UHJvZHVjdDoxMjc= into db
2025-05-16T20:16:12.096503Z DEBUG saleor_app_heureka_xml_feed::server::surrealdbs: inserting variant 39:UHJvZHVjdFZhcmlhbnQ6MzI1
2025-05-16T20:16:12.096971Z DEBUG saleor_app_heureka_xml_feed::server::surrealdbs: inserting variant 40:UHJvZHVjdFZhcmlhbnQ6MzI2
2025-05-16T20:16:12.097381Z DEBUG saleor_app_heureka_xml_feed::server::surrealdbs: inserting variant 41:UHJvZHVjdFZhcmlhbnQ6MzI3
2025-05-16T20:16:12.097753Z DEBUG saleor_app_heureka_xml_feed::server::surrealdbs: inserting variant 42:UHJvZHVjdFZhcmlhbnQ6MzI4
2025-05-16T20:16:12.098143Z DEBUG saleor_app_heureka_xml_feed::server::surrealdbs: inserting variant 43:UHJvZHVjdFZhcmlhbnQ6MzI5
2025-05-16T20:16:12.098527Z DEBUG saleor_app_heureka_xml_feed::server::surrealdbs: inserting variant 44:UHJvZHVjdFZhcmlhbnQ6MzMw
2025-05-16T20:16:12.099079Z DEBUG saleor_app_heureka_xml_feed::server::surrealdbs: inserting variant 45:UHJvZHVjdFZhcmlhbnQ6MzMx
2025-05-16T20:16:12.099613Z DEBUG saleor_app_heureka_xml_feed::server::event_handler: Database regenerated!
2025-05-16T20:16:12.099624Z DEBUG saleor_app_heureka_xml_feed::server::event_handler: Validating XML from DB
2025-05-16T20:16:12.099631Z DEBUG saleor_app_heureka_xml_feed::server::event_handler: Creating XML from DB data
2025-05-16T20:16:12.099637Z DEBUG saleor_app_heureka_xml_feed::server::event_handler: Collecting DB products
2025-05-16T20:16:12.100004Z DEBUG saleor_app_heureka_xml_feed::server::event_handler: Collecting DB shipping zones
2025-05-16T20:16:12.100266Z ERROR saleor_app_heureka_xml_feed::server::event_handler: Errors during db_to_xml(), [ShippingZoneMisconfigured("No shipping zones present in db")]
2025-05-16T20:16:12.100285Z ERROR saleor_app_heureka_xml_feed::server::event_handler: [SurrealDB(Db(IdMismatch { value: "'U2hpcHBpbmdab25lOjI='" })), SurrealDB(Db(IdMismatch { value: "'UHJvZHVjdDoxNTI='" })), SurrealDB(Db(Serialization("failed to deserialize; expected a string, found $surrealdb::private::sql::Thing { tb: \"variant\", id: Id::String(\"UHJvZHVjdFZhcmlhbnQ6Mzg0\") }"))), SurrealDB(Db(IdMismatch { value: "'UHJvZHVjdDoxMzQ='" })), SurrealDB(Db(Serialization("failed to deserialize; expected a string, found $surrealdb::private::sql::Thing { tb: \"variant\", id: Id::String(\"UHJvZHVjdFZhcmlhbnQ6MzQ4\") }"))), SurrealDB(Db(Serialization("failed to deserialize; expected a string, found $surrealdb::private::sql::Thing { tb: \"variant\", id: Id::String(\"UHJvZHVjdFZhcmlhbnQ6MzQ5\") }"))), SurrealDB(Db(Serialization("failed to deserialize; expected a string, found $surrealdb::private::sql::Thing { tb: \"variant\", id: Id::String(\"UHJvZHVjdFZhcmlhbnQ6MzUw\") }"))), SurrealDB(Db(Serialization("failed to deserialize; expected a string, found $surrealdb::private::sql::Thing { tb: \"variant\", id: Id::String(\"UHJvZHVjdFZhcmlhbnQ6MzUx\") }"))), SurrealDB(Db(Serialization("failed to deserialize; expected a string, found $surrealdb::private::sql::Thing { tb: \"variant\", id: Id::String(\"UHJvZHVjdFZhcmlhbnQ6MzUy\") }"))), SurrealDB(Db(IdMismatch { value: "'UHJvZHVjdDoxMzA='" })), SurrealDB(Db(Serialization("failed to deserialize; expected a string, found $surrealdb::private::sql::Thing { tb: \"variant\", id: Id::String(\"UHJvZHVjdFZhcmlhbnQ6MzQw\") }"))), SurrealDB(Db(Serialization("failed to deserialize; expected a string, found $surrealdb::private::sql::Thing { tb: \"variant\", id: Id::String(\"UHJvZHVjdFZhcmlhbnQ6MzQx\") }"))), SurrealDB(Db(Serialization("failed to deserialize; expected a string, found $surrealdb::private::sql::Thing { tb: \"variant\", id: Id::String(\"UHJvZHVjdFZhcmlhbnQ6MzQy\") }"))), SurrealDB(Db(Serialization("failed to deserialize; expected a string, found $surrealdb::private::sql::Thing { tb: \"variant\", id: Id::String(\"UHJvZHVjdFZhcmlhbnQ6MzQz\") }"))), SurrealDB(Db(Serialization("failed to deserialize; expected a string, found $surrealdb::private::sql::Thing { tb: \"variant\", id: Id::String(\"UHJvZHVjdFZhcmlhbnQ6MzQ0\") }"))), SurrealDB(Db(IdMismatch { value: "'UHJvZHVjdDoxNTQ='" })), SurrealDB(Db(Serialization("failed to deserialize; expected a string, found $surrealdb::private::sql::Thing { tb: \"variant\", id: Id::String(\"UHJvZHVjdFZhcmlhbnQ6Mzg2\") }"))), SurrealDB(Db(IdMismatch { value: "'UHJvZHVjdDoxNDU='" })), SurrealDB(Db(Serialization("failed to deserialize; expected a string, found $surrealdb::private::sql::Thing { tb: \"variant\", id: Id::String(\"UHJvZHVjdFZhcmlhbnQ6Mzcy\") }"))), SurrealDB(Db(Serialization("failed to deserialize; expected a string, found $surrealdb::private::sql::Thing { tb: \"variant\", id: Id::String(\"UHJvZHVjdFZhcmlhbnQ6Mzcz\") }"))), SurrealDB(Db(Serialization("failed to deserialize; expected a string, found $surrealdb::private::sql::Thing { tb: \"variant\", id: Id::String(\"UHJvZHVjdFZhcmlhbnQ6Mzc0\") }"))), SurrealDB(Db(IdMismatch { value: "'UHJvZHVjdDoxNTM='" })), SurrealDB(Db(Serialization("failed to deserialize; expected a string, found $surrealdb::private::sql::Thing { tb: \"variant\", id: Id::String(\"UHJvZHVjdFZhcmlhbnQ6Mzg1\") }"))), SurrealDB(Db(IdMismatch { value: "'UHJvZHVjdDoxMzI='" })), SurrealDB(Db(Serialization("failed to deserialize; expected a string, found $surrealdb::private::sql::Thing { tb: \"variant\", id: Id::String(\"UHJvZHVjdFZhcmlhbnQ6MzQ2\") }"))), SurrealDB(Db(IdMismatch { value: "'UHJvZHVjdDoxMjg='" })), SurrealDB(Db(Serialization("failed to deserialize; expected a string, found $surrealdb::private::sql::Thing { tb: \"variant\", id: Id::String(\"UHJvZHVjdFZhcmlhbnQ6MzMz\") }"))), SurrealDB(Db(Serialization("failed to deserialize; expected a string, found $surrealdb::private::sql::Thing { tb: \"variant\", id: Id::String(\"UHJvZHVjdFZhcmlhbnQ6MzMy\") }"))), SurrealDB(Db(Serialization("failed to deserialize; expected a string, found $surrealdb::private::sql::Thing { tb: \"variant\", id: Id::String(\"UHJvZHVjdFZhcmlhbnQ6MzM0\") }"))), SurrealDB(Db(IdMismatch { value: "'UHJvZHVjdDoxMzc='" })), SurrealDB(Db(Serialization("failed to deserialize; expected a string, found $surrealdb::private::sql::Thing { tb: \"variant\", id: Id::String(\"UHJvZHVjdFZhcmlhbnQ6MzYx\") }"))), SurrealDB(Db(Serialization("failed to deserialize; expected a string, found $surrealdb::private::sql::Thing { tb: \"variant\", id: Id::String(\"UHJvZHVjdFZhcmlhbnQ6MzYy\") }"))), SurrealDB(Db(Serialization("failed to deserialize; expected a string, found $surrealdb::private::sql::Thing { tb: \"variant\", id: Id::String(\"UHJvZHVjdFZhcmlhbnQ6MzYz\") }"))), SurrealDB(Db(IdMismatch { value: "'UHJvZHVjdDoxNTU='" })), SurrealDB(Db(Serialization("failed to deserialize; expected a string, found $surrealdb::private::sql::Thing { tb: \"variant\", id: Id::String(\"UHJvZHVjdFZhcmlhbnQ6Mzg3\") }"))), SurrealDB(Db(IdMismatch { value: "'UHJvZHVjdDoxNjE='" })), SurrealDB(Db(Serialization("failed to deserialize; expected a string, found $surrealdb::private::sql::Thing { tb: \"variant\", id: Id::String(\"UHJvZHVjdFZhcmlhbnQ6Mzk0\") }"))), SurrealDB(Db(Serialization("failed to deserialize; expected a string, found $surrealdb::private::sql::Thing { tb: \"variant\", id: Id::String(\"UHJvZHVjdFZhcmlhbnQ6Mzk1\") }"))), SurrealDB(Db(Serialization("failed to deserialize; expected a string, found $surrealdb::private::sql::Thing { tb: \"variant\", id: Id::String(\"UHJvZHVjdFZhcmlhbnQ6Mzk2\") }"))), SurrealDB(Db(Serialization("failed to deserialize; expected a string, found $surrealdb::private::sql::Thing { tb: \"variant\", id: Id::String(\"UHJvZHVjdFZhcmlhbnQ6Mzk3\") }"))), SurrealDB(Db(Serialization("failed to deserialize; expected a string, found $surrealdb::private::sql::Thing { tb: \"variant\", id: Id::String(\"UHJvZHVjdFZhcmlhbnQ6Mzk4\") }"))), SurrealDB(Db(IdMismatch { value: "'UHJvZHVjdDoxMzg='" })), SurrealDB(Db(Serialization("failed to deserialize; expected a string, found $surrealdb::private::sql::Thing { tb: \"variant\", id: Id::String(\"UHJvZHVjdFZhcmlhbnQ6MzY0\") }"))), SurrealDB(Db(Serialization("failed to deserialize; expected a string, found $surrealdb::private::sql::Thing { tb: \"variant\", id: Id::String(\"UHJvZHVjdFZhcmlhbnQ6MzY1\") }"))), SurrealDB(Db(Serialization("failed to deserialize; expected a string, found $surrealdb::private::sql::Thing { tb: \"variant\", id: Id::String(\"UHJvZHVjdFZhcmlhbnQ6MzY2\") }"))), SurrealDB(Db(IdMismatch { value: "'UHJvZHVjdDoxMzY='" })), SurrealDB(Db(Serialization("failed to deserialize; expected a string, found $surrealdb::private::sql::Thing { tb: \"variant\", id: Id::String(\"UHJvZHVjdFZhcmlhbnQ6MzU4\") }"))), SurrealDB(Db(Serialization("failed to deserialize; expected a string, found $surrealdb::private::sql::Thing { tb: \"variant\", id: Id::String(\"UHJvZHVjdFZhcmlhbnQ6MzU5\") }"))), SurrealDB(Db(Serialization("failed to deserialize; expected a string, found $surrealdb::private::sql::Thing { tb: \"variant\", id: Id::String(\"UHJvZHVjdFZhcmlhbnQ6MzYw\") }"))), SurrealDB(Db(IdMismatch { value: "'UHJvZHVjdDoxMjk='" })), SurrealDB(Db(Serialization("failed to deserialize; expected a string, found $surrealdb::private::sql::Thing { tb: \"variant\", id: Id::String(\"UHJvZHVjdFZhcmlhbnQ6MzM1\") }"))), SurrealDB(Db(Serialization("failed to deserialize; expected a string, found $surrealdb::private::sql::Thing { tb: \"variant\", id: Id::String(\"UHJvZHVjdFZhcmlhbnQ6MzM2\") }"))), SurrealDB(Db(Serialization("failed to deserialize; expected a string, found $surrealdb::private::sql::Thing { tb: \"variant\", id: Id::String(\"UHJvZHVjdFZhcmlhbnQ6MzM3\") }"))), SurrealDB(Db(Serialization("failed to deserialize; expected a string, found $surrealdb::private::sql::Thing { tb: \"variant\", id: Id::String(\"UHJvZHVjdFZhcmlhbnQ6MzM4\") }"))), SurrealDB(Db(Serialization("failed to deserialize; expected a string, found $surrealdb::private::sql::Thing { tb: \"variant\", id: Id::String(\"UHJvZHVjdFZhcmlhbnQ6MzM5\") }"))), SurrealDB(Db(IdMismatch { value: "'UHJvZHVjdDoxNDQ='" })), SurrealDB(Db(Serialization("failed to deserialize; expected a string, found $surrealdb::private::sql::Thing { tb: \"variant\", id: Id::String(\"UHJvZHVjdFZhcmlhbnQ6Mzcx\") }"))), SurrealDB(Db(IdMismatch { value: "'UHJvZHVjdDoxNDY='" })), SurrealDB(Db(Serialization("failed to deserialize; expected a string, found $surrealdb::private::sql::Thing { tb: \"variant\", id: Id::String(\"UHJvZHVjdFZhcmlhbnQ6Mzc1\") }"))), SurrealDB(Db(Serialization("failed to deserialize; expected a string, found $surrealdb::private::sql::Thing { tb: \"variant\", id: Id::String(\"UHJvZHVjdFZhcmlhbnQ6Mzc2\") }"))), SurrealDB(Db(Serialization("failed to deserialize; expected a string, found $surrealdb::private::sql::Thing { tb: \"variant\", id: Id::String(\"UHJvZHVjdFZhcmlhbnQ6Mzc3\") }"))), SurrealDB(Db(Serialization("failed to deserialize; expected a string, found $surrealdb::private::sql::Thing { tb: \"variant\", id: Id::String(\"UHJvZHVjdFZhcmlhbnQ6Mzc4\") }"))), SurrealDB(Db(IdMismatch { value: "'UHJvZHVjdDoxNjA='" })), SurrealDB(Db(Serialization("failed to deserialize; expected a string, found $surrealdb::private::sql::Thing { tb: \"variant\", id: Id::String(\"UHJvZHVjdFZhcmlhbnQ6Mzkz\") }"))), SurrealDB(Db(IdMismatch { value: "'UHJvZHVjdDoxNjQ='" })), SurrealDB(Db(Serialization("failed to deserialize; expected a string, found $surrealdb::private::sql::Thing { tb: \"variant\", id: Id::String(\"UHJvZHVjdFZhcmlhbnQ6NDAx\") }"))), SurrealDB(Db(IdMismatch { value: "'UHJvZHVjdDoxNjM='" })), SurrealDB(Db(Serialization("failed to deserialize; expected a string, found $surrealdb::private::sql::Thing { tb: \"variant\", id: Id::String(\"UHJvZHVjdFZhcmlhbnQ6NDAw\") }"))), SurrealDB(Db(IdMismatch { value: "'UHJvZHVjdDoxMzE='" })), SurrealDB(Db(Serialization("failed to deserialize; expected a string, found $surrealdb::private::sql::Thing { tb: \"variant\", id: Id::String(\"UHJvZHVjdFZhcmlhbnQ6MzQ1\") }"))), SurrealDB(Db(IdMismatch { value: "'UHJvZHVjdDoxMjY='" })), SurrealDB(Db(Serialization("failed to deserialize; expected a string, found $surrealdb::private::sql::Thing { tb: \"variant\", id: Id::String(\"UHJvZHVjdFZhcmlhbnQ6MzI0\") }"))), SurrealDB(Db(IdMismatch { value: "'UHJvZHVjdDoxNTA='" })), SurrealDB(Db(Serialization("failed to deserialize; expected a string, found $surrealdb::private::sql::Thing { tb: \"variant\", id: Id::String(\"UHJvZHVjdFZhcmlhbnQ6Mzgy\") }"))), SurrealDB(Db(IdMismatch { value: "'UHJvZHVjdDoxNTY='" })), SurrealDB(Db(Serialization("failed to deserialize; expected a string, found $surrealdb::private::sql::Thing { tb: \"variant\", id: Id::String(\"UHJvZHVjdFZhcmlhbnQ6Mzg4\") }"))), SurrealDB(Db(IdMismatch { value: "'UHJvZHVjdDoxNDc='" })), SurrealDB(Db(Serialization("failed to deserialize; expected a string, found $surrealdb::private::sql::Thing { tb: \"variant\", id: Id::String(\"UHJvZHVjdFZhcmlhbnQ6Mzc5\") }"))), SurrealDB(Db(Serialization("failed to deserialize; expected a string, found $surrealdb::private::sql::Thing { tb: \"variant\", id: Id::String(\"UHJvZHVjdFZhcmlhbnQ6Mzgw\") }"))), SurrealDB(Db(IdMismatch { value: "'UHJvZHVjdDoxNDE='" })), SurrealDB(Db(Serialization("failed to deserialize; expected a string, found $surrealdb::private::sql::Thing { tb: \"variant\", id: Id::String(\"UHJvZHVjdFZhcmlhbnQ6MzY4\") }"))), SurrealDB(Db(IdMismatch { value: "'UHJvZHVjdDoxNTc='" })), SurrealDB(Db(Serialization("failed to deserialize; expected a string, found $surrealdb::private::sql::Thing { tb: \"variant\", id: Id::String(\"UHJvZHVjdFZhcmlhbnQ6Mzg5\") }"))), SurrealDB(Db(Serialization("failed to deserialize; expected a string, found $surrealdb::private::sql::Thing { tb: \"variant\", id: Id::String(\"UHJvZHVjdFZhcmlhbnQ6Mzkw\") }"))), SurrealDB(Db(IdMismatch { value: "'UHJvZHVjdDoxNDM='" })), SurrealDB(Db(Serialization("failed to deserialize; expected a string, found $surrealdb::private::sql::Thing { tb: \"variant\", id: Id::String(\"UHJvZHVjdFZhcmlhbnQ6Mzcw\") }"))), SurrealDB(Db(IdMismatch { value: "'UHJvZHVjdDoxMzU='" })), SurrealDB(Db(Serialization("failed to deserialize; expected a string, found $surrealdb::private::sql::Thing { tb: \"variant\", id: Id::String(\"UHJvZHVjdFZhcmlhbnQ6MzUz\") }"))), SurrealDB(Db(Serialization("failed to deserialize; expected a string, found $surrealdb::private::sql::Thing { tb: \"variant\", id: Id::String(\"UHJvZHVjdFZhcmlhbnQ6MzU0\") }"))), SurrealDB(Db(Serialization("failed to deserialize; expected a string, found $surrealdb::private::sql::Thing { tb: \"variant\", id: Id::String(\"UHJvZHVjdFZhcmlhbnQ6MzU1\") }"))), SurrealDB(Db(Serialization("failed to deserialize; expected a string, found $surrealdb::private::sql::Thing { tb: \"variant\", id: Id::String(\"UHJvZHVjdFZhcmlhbnQ6MzU2\") }"))), SurrealDB(Db(Serialization("failed to deserialize; expected a string, found $surrealdb::private::sql::Thing { tb: \"variant\", id: Id::String(\"UHJvZHVjdFZhcmlhbnQ6MzU3\") }"))), SurrealDB(Db(IdMismatch { value: "'UHJvZHVjdDoxNTE='" })), SurrealDB(Db(Serialization("failed to deserialize; expected a string, found $surrealdb::private::sql::Thing { tb: \"variant\", id: Id::String(\"UHJvZHVjdFZhcmlhbnQ6Mzgz\") }"))), SurrealDB(Db(IdMismatch { value: "'UHJvZHVjdDoxMzM='" })), SurrealDB(Db(Serialization("failed to deserialize; expected a string, found $surrealdb::private::sql::Thing { tb: \"variant\", id: Id::String(\"UHJvZHVjdFZhcmlhbnQ6MzQ3\") }"))), SurrealDB(Db(IdMismatch { value: "'UHJvZHVjdDoxNjI='" })), SurrealDB(Db(Serialization("failed to deserialize; expected a string, found $surrealdb::private::sql::Thing { tb: \"variant\", id: Id::String(\"UHJvZHVjdFZhcmlhbnQ6Mzk5\") }"))), SurrealDB(Db(IdMismatch { value: "'UHJvZHVjdDoxMjc='" })), SurrealDB(Db(Serialization("failed to deserialize; expected a string, found $surrealdb::private::sql::Thing { tb: \"variant\", id: Id::String(\"UHJvZHVjdFZhcmlhbnQ6MzI1\") }"))), SurrealDB(Db(Serialization("failed to deserialize; expected a string, found $surrealdb::private::sql::Thing { tb: \"variant\", id: Id::String(\"UHJvZHVjdFZhcmlhbnQ6MzI2\") }"))), SurrealDB(Db(Serialization("failed to deserialize; expected a string, found $surrealdb::private::sql::Thing { tb: \"variant\", id: Id::String(\"UHJvZHVjdFZhcmlhbnQ6MzI3\") }"))), SurrealDB(Db(Serialization("failed to deserialize; expected a string, found $surrealdb::private::sql::Thing { tb: \"variant\", id: Id::String(\"UHJvZHVjdFZhcmlhbnQ6MzI4\") }"))), SurrealDB(Db(Serialization("failed to deserialize; expected a string, found $surrealdb::private::sql::Thing { tb: \"variant\", id: Id::String(\"UHJvZHVjdFZhcmlhbnQ6MzI5\") }"))), SurrealDB(Db(Serialization("failed to deserialize; expected a string, found $surrealdb::private::sql::Thing { tb: \"variant\", id: Id::String(\"UHJvZHVjdFZhcmlhbnQ6MzMw\") }"))), SurrealDB(Db(Serialization("failed to deserialize; expected a string, found $surrealdb::private::sql::Thing { tb: \"variant\", id: Id::String(\"UHJvZHVjdFZhcmlhbnQ6MzMx\") }"))), ShippingZoneMisconfigured("No shipping zones present in db")]
2025-05-16T20:16:12.100353Z  INFO saleor_app_heureka_xml_feed::server::event_handler: Event handled
